<?xml version="1.0" encoding="UTF-8"?>
<beans xmlns="http://www.springframework.org/schema/beans"
	xmlns:xsi="http://www.w3.org/2001/XMLSchema-instance"
	xmlns:context="http://www.springframework.org/schema/context"
	xmlns:tx="http://www.springframework.org/schema/tx"
	xsi:schemaLocation="http://www.springframework.org/schema/beans http://www.springframework.org/schema/beans/spring-beans-3.1.xsd
		http://www.springframework.org/schema/tx http://www.springframework.org/schema/tx/spring-tx-3.1.xsd
		http://www.springframework.org/schema/context http://www.springframework.org/schema/context/spring-context-3.1.xsd">

	<!-- Scans within the base package of the application for @Components to 
		configure as beans -->		
		
	<context:annotation-config />
	
	<context:component-scan base-package="ua.com.springbyexample.service" />
	
	<beans profile="hibernate">
		<import resource="classpath:db.xml" />
	
		<context:component-scan base-package="ua.com.springbyexample.domain" />	
		<context:component-scan base-package="ua.com.springbyexample.dao.hibernate" />
		
	</beans>	
	
	<beans profile="jdbc">
		<import resource="classpath:jdbc-test.xml" />

		<context:component-scan base-package="ua.com.springbyexample.dao.jdbc" />
	</beans>
	
	<beans profile="jpa">
		<import resource="classpath:jpa-test.xml"/>
		
		<context:component-scan base-package="ua.com.springbyexample.domain" />
		<context:component-scan base-package="ua.com.springbyexample.dao.jpa" />
	</beans>
</beans>
